<?xml version="1.0" encoding="UTF-8"?>
<!-- Generated by org.testng.reporters.JUnitReportReporter -->
<testsuite hostname="Ranbaaz" failures="0" tests="6" name="login.Testngselenium" time="35.439" errors="0" timestamp="2023-11-16T23:27:40 GMT-05:00" skipped="0">
  <testcase classname="login.Testngselenium" name="Display" time="6.145"/>
  <testcase classname="login.Testngselenium" name="linkdisplayed" time="5.611"/>
  <testcase classname="login.Testngselenium" name="enterdata" time="6.910"/>
  <testcase classname="login.Testngselenium" name="Display" time="5.468"/>
  <testcase classname="login.Testngselenium" name="gettitle" time="5.009"/>
  <testcase classname="login.Testngselenium" name="Display" time="6.296"/>
</testsuite> <!-- login.Testngselenium -->
