<?xml version="1.0" encoding="UTF-8"?>
<!-- Generated by org.testng.reporters.JUnitReportReporter -->
<testsuite hostname="Ranbaaz" failures="0" tests="1" name="login.Dummy" time="6.859" errors="0" timestamp="2023-11-16T09:08:32 GMT-05:00" skipped="0">
  <testcase classname="login.Dummy" name="test" time="6.859"/>
</testsuite> <!-- login.Dummy -->
